<?xml version="1.0" encoding="UTF-8"?>
<testsuite xmlns:xsi="http://www.w3.org/2001/XMLSchema-instance" xsi:noNamespaceSchemaLocation="https://maven.apache.org/surefire/maven-surefire-plugin/xsd/surefire-test-report.xsd" version="3.0.2" name="com.api.video.VideoApplicationTests" time="9.5" tests="1" errors="0" skipped="0" failures="0">
  <properties>
[...]
</properties>
  <testcase name="contextLoads" classname="com.api.video.VideoApplicationTests" time="0.255">
    <system-out><![CDATA[17:12:07.370 [main] INFO org.springframework.test.context.support.AnnotationConfigContextLoaderUtils -- Could not detect default configuration classes for test class [com.api.video.VideoApplicationTests]: VideoApplicationTests does not declare any static, non-private, non-final, nested classes annotated with @Configuration.
17:12:07.411 [main] INFO org.springframework.boot.test.context.SpringBootTestContextBootstrapper -- Found @SpringBootConfiguration com.api.video.VideoApplication for test class com.api.video.VideoApplicationTests

  .   ____          _            __ _ _
 /\\ / ___'_ __ _ _(_)_ __  __ _ \ \ \ \
( ( )\___ | '_ | '_| | '_ \/ _` | \ \ \ \
 \\/  ___)| |_)| | | | | || (_| |  ) ) ) )
  '  |____| .__|_| |_|_| |_\__, | / / / /
 =========|_|==============|___/=/_/_/_/

 :: Spring Boot ::                (v3.4.3)

2025-04-05T17:12:07.568-03:00  INFO 21978 --- [video] [           main] com.api.video.VideoApplicationTests      : Starting VideoApplicationTests using Java 17.0.13 with PID 21978 (started by henriquefontaine in /Users/henriquefontaine/Developer/ESS/VDAPI/video/videotape)
2025-04-05T17:12:07.569-03:00  INFO 21978 --- [video] [           main] com.api.video.VideoApplicationTests      : No active profile set, falling back to 1 default profile: "default"
2025-04-05T17:12:07.855-03:00  INFO 21978 --- [video] [           main] .s.d.r.c.RepositoryConfigurationDelegate : Bootstrapping Spring Data JPA repositories in DEFAULT mode.
2025-04-05T17:12:07.879-03:00  INFO 21978 --- [video] [           main] .s.d.r.c.RepositoryConfigurationDelegate : Finished Spring Data repository scanning in 19 ms. Found 2 JPA repository interfaces.
2025-04-05T17:12:08.089-03:00  INFO 21978 --- [video] [           main] o.hibernate.jpa.internal.util.LogHelper  : HHH000204: Processing PersistenceUnitInfo [name: default]
2025-04-05T17:12:08.113-03:00  INFO 21978 --- [video] [           main] org.hibernate.Version                    : HHH000412: Hibernate ORM core version 6.6.8.Final
2025-04-05T17:12:08.130-03:00  INFO 21978 --- [video] [           main] o.h.c.internal.RegionFactoryInitiator    : HHH000026: Second-level cache disabled
2025-04-05T17:12:08.235-03:00  INFO 21978 --- [video] [           main] o.s.o.j.p.SpringPersistenceUnitInfo      : No LoadTimeWeaver setup: ignoring JPA class transformer
2025-04-05T17:12:08.247-03:00  INFO 21978 --- [video] [           main] com.zaxxer.hikari.HikariDataSource       : HikariPool-1 - Starting...
2025-04-05T17:12:09.791-03:00  INFO 21978 --- [video] [           main] com.zaxxer.hikari.pool.HikariPool        : HikariPool-1 - Added connection org.postgresql.jdbc.PgConnection@516c20de
2025-04-05T17:12:09.793-03:00  INFO 21978 --- [video] [           main] com.zaxxer.hikari.HikariDataSource       : HikariPool-1 - Start completed.
2025-04-05T17:12:10.434-03:00  INFO 21978 --- [video] [           main] org.hibernate.orm.connections.pooling    : HHH10001005: Database info:
	Database JDBC URL [Connecting through datasource 'HikariDataSource (HikariPool-1)']
	Database driver: undefined/unknown
	Database version: 16.8
	Autocommit mode: undefined/unknown
	Isolation level: undefined/unknown
	Minimum pool size: undefined/unknown
	Maximum pool size: undefined/unknown
2025-04-05T17:12:10.886-03:00  INFO 21978 --- [video] [           main] o.h.e.t.j.p.i.JtaPlatformInitiator       : HHH000489: No JTA platform available (set 'hibernate.transaction.jta.platform' to enable JTA platform integration)
2025-04-05T17:12:15.631-03:00  INFO 21978 --- [video] [           main] j.LocalContainerEntityManagerFactoryBean : Initialized JPA EntityManagerFactory for persistence unit 'default'
2025-04-05T17:12:15.775-03:00  INFO 21978 --- [video] [           main] o.s.d.j.r.query.QueryEnhancerFactory     : Hibernate is in classpath; If applicable, HQL parser will be used.
2025-04-05T17:12:16.248-03:00  WARN 21978 --- [video] [           main] JpaBaseConfiguration$JpaWebConfiguration : spring.jpa.open-in-view is enabled by default. Therefore, database queries may be performed during view rendering. Explicitly configure spring.jpa.open-in-view to disable this warning
2025-04-05T17:12:16.325-03:00  INFO 21978 --- [video] [           main] o.s.v.b.OptionalValidatorFactoryBean     : Failed to set up a Bean Validation provider: jakarta.validation.NoProviderFoundException: Unable to create a Configuration, because no Jakarta Bean Validation provider could be found. Add a provider like Hibernate Validator (RI) to your classpath.
2025-04-05T17:12:16.544-03:00  INFO 21978 --- [video] [           main] com.api.video.VideoApplicationTests      : Started VideoApplicationTests in 9.083 seconds (process running for 9.432)
]]></system-out>
  </testcase>
</testsuite>